# JRE version: Java(TM) SE Runtime Environment (24.0+36) (build 24+36-3646)
# Java VM: Java HotSpot(TM) 64-Bit Server VM (24+36-3646, mixed mode, sharing, tiered, compressed oops, compressed class ptrs, g1 gc, windows-amd64)
GC Precious Log:
 CardTable entry size: 512
 Card Set container configuration: InlinePtr #cards 5 size 8 Array Of Cards #cards 10 size 36 Howl #buckets 4 coarsen threshold 1843 Howl Bitmap #cards 512 size 80 coarsen threshold 460 Card regions per heap region 1 cards per card region 2048
 CPUs: 4 total, 4 available
 Memory: 7888M
 Large Page Support: Disabled
 NUMA Support: Disabled
 Compressed Oops: Enabled (32-bit)
 Heap Region Size: 1M
 Heap Min Capacity: 8M
 Heap Initial Capacity: 124M
 Heap Max Capacity: 1974M
 Pre-touch: Disabled
 Parallel Workers: 4
 Concurrent Workers: 1
 Concurrent Refinement Workers: 4
 Periodic GC: Disabled
Heap:
 garbage-first heap   total reserved 2021376K, committed 129024K, used 87753K [0x0000000084a00000, 0x0000000100000000)
  region size 1024K, 74 young (75776K), 3 survivors (3072K)
 Metaspace       used 11483K, committed 11776K, reserved 1114112K
  class space    used 977K, committed 1088K, reserved 1048576K
GC Heap History (14 events):
Event: 1.951 GC heap before
{Heap before GC invocations=0 (full 0):
 garbage-first heap   total reserved 2021376K, committed 129024K, used 47220K [0x0000000084a00000, 0x0000000100000000)
  region size 1024K, 28 young (28672K), 0 survivors (0K)
 Metaspace       used 9349K, committed 9536K, reserved 1114112K
  class space    used 842K, committed 960K, reserved 1048576K
}
Event: 1.958 GC heap after
{Heap after GC invocations=1 (full 0):
 garbage-first heap   total reserved 2021376K, committed 129024K, used 18036K [0x0000000084a00000, 0x0000000100000000)
  region size 1024K, 3 young (3072K), 3 survivors (3072K)
 Metaspace       used 9349K, committed 9536K, reserved 1114112K
  class space    used 842K, committed 960K, reserved 1048576K
}
Event: 5.160 GC heap before
{Heap before GC invocations=1 (full 0):
 garbage-first heap   total reserved 2021376K, committed 129024K, used 74356K [0x0000000084a00000, 0x0000000100000000)
  region size 1024K, 51 young (52224K), 3 survivors (3072K)
 Metaspace       used 10097K, committed 10304K, reserved 1114112K
  class space    used 918K, committed 1024K, reserved 1048576K
}
Event: 5.165 GC heap after
{Heap after GC invocations=2 (full 0):
 garbage-first heap   total reserved 2021376K, committed 129024K, used 20553K [0x0000000084a00000, 0x0000000100000000)
  region size 1024K, 3 young (3072K), 3 survivors (3072K)
 Metaspace       used 10097K, committed 10304K, reserved 1114112K
  class space    used 918K, committed 1024K, reserved 1048576K
}
Event: 243.913 GC heap before
{Heap before GC invocations=2 (full 0):
 garbage-first heap   total reserved 2021376K, committed 129024K, used 71753K [0x0000000084a00000, 0x0000000100000000)
  region size 1024K, 18 young (18432K), 3 survivors (3072K)
 Metaspace       used 11294K, committed 11584K, reserved 1114112K
  class space    used 974K, committed 1088K, reserved 1048576K
}
Event: 243.925 GC heap after
{Heap after GC invocations=3 (full 0):
 garbage-first heap   total reserved 2021376K, committed 129024K, used 38735K [0x0000000084a00000, 0x0000000100000000)
  region size 1024K, 4 young (4096K), 4 survivors (4096K)
 Metaspace       used 11294K, committed 11584K, reserved 1114112K
  class space    used 974K, committed 1088K, reserved 1048576K
}
Event: 2908.245 GC heap before
{Heap before GC invocations=3 (full 0):
 garbage-first heap   total reserved 2021376K, committed 129024K, used 102223K [0x0000000084a00000, 0x0000000100000000)
  region size 1024K, 58 young (59392K), 4 survivors (4096K)
 Metaspace       used 11462K, committed 11712K, reserved 1114112K
  class space    used 975K, committed 1088K, reserved 1048576K
}
Event: 2908.275 GC heap after
{Heap after GC invocations=4 (full 0):
 garbage-first heap   total reserved 2021376K, committed 129024K, used 22842K [0x0000000084a00000, 0x0000000100000000)
  region size 1024K, 4 young (4096K), 4 survivors (4096K)
 Metaspace       used 11462K, committed 11712K, reserved 1114112K
  class space    used 975K, committed 1088K, reserved 1048576K
}
Event: 17626.413 GC heap before
{Heap before GC invocations=4 (full 0):
 garbage-first heap   total reserved 2021376K, committed 129024K, used 87354K [0x0000000084a00000, 0x0000000100000000)
  region size 1024K, 67 young (68608K), 4 survivors (4096K)
 Metaspace       used 11479K, committed 11776K, reserved 1114112K
  class space    used 976K, committed 1088K, reserved 1048576K
}
Event: 17626.459 GC heap after
{Heap after GC invocations=5 (full 0):
 garbage-first heap   total reserved 2021376K, committed 129024K, used 22453K [0x0000000084a00000, 0x0000000100000000)
  region size 1024K, 3 young (3072K), 3 survivors (3072K)
 Metaspace       used 11479K, committed 11776K, reserved 1114112K
  class space    used 976K, committed 1088K, reserved 1048576K
}
Event: 21208.079 GC heap before
{Heap before GC invocations=5 (full 0):
 garbage-first heap   total reserved 2021376K, committed 129024K, used 91061K [0x0000000084a00000, 0x0000000100000000)
  region size 1024K, 70 young (71680K), 3 survivors (3072K)
 Metaspace       used 11479K, committed 11776K, reserved 1114112K
  class space    used 976K, committed 1088K, reserved 1048576K
}
Event: 21208.109 GC heap after
{Heap after GC invocations=6 (full 0):
 garbage-first heap   total reserved 2021376K, committed 129024K, used 16217K [0x0000000084a00000, 0x0000000100000000)
  region size 1024K, 3 young (3072K), 3 survivors (3072K)
 Metaspace       used 11479K, committed 11776K, reserved 1114112K
  class space    used 976K, committed 1088K, reserved 1048576K
}
Event: 24993.250 GC heap before
{Heap before GC invocations=6 (full 0):
 garbage-first heap   total reserved 2021376K, committed 129024K, used 88921K [0x0000000084a00000, 0x0000000100000000)
  region size 1024K, 74 young (75776K), 3 survivors (3072K)
 Metaspace       used 11483K, committed 11776K, reserved 1114112K
  class space    used 977K, committed 1088K, reserved 1048576K
}
Event: 24993.278 GC heap after
{Heap after GC invocations=7 (full 0):
 garbage-first heap   total reserved 2021376K, committed 129024K, used 16073K [0x0000000084a00000, 0x0000000100000000)
  region size 1024K, 3 young (3072K), 3 survivors (3072K)
 Metaspace       used 11483K, committed 11776K, reserved 1114112K
  class space    used 977K, committed 1088K, reserved 1048576K
}

