# JRE version: Java(TM) SE Runtime Environment (24.0+36) (build 24+36-3646)
# Java VM: Java HotSpot(TM) 64-Bit Server VM (24+36-3646, mixed mode, sharing, tiered, compressed oops, compressed class ptrs, g1 gc, windows-amd64)
GC Precious Log:
 CardTable entry size: 512
 Card Set container configuration: InlinePtr #cards 5 size 8 Array Of Cards #cards 10 size 36 Howl #buckets 4 coarsen threshold 1843 Howl Bitmap #cards 512 size 80 coarsen threshold 460 Card regions per heap region 1 cards per card region 2048
 CPUs: 4 total, 4 available
 Memory: 7888M
 Large Page Support: Disabled
 NUMA Support: Disabled
 Compressed Oops: Enabled (32-bit)
 Heap Region Size: 1M
 Heap Min Capacity: 8M
 Heap Initial Capacity: 124M
 Heap Max Capacity: 1974M
 Pre-touch: Disabled
 Parallel Workers: 4
 Concurrent Workers: 1
 Concurrent Refinement Workers: 4
 Periodic GC: Disabled
Heap:
 garbage-first heap   total reserved 2021376K, committed 129024K, used 109832K [0x0000000084a00000, 0x0000000100000000)
  region size 1024K, 63 young (64512K), 1 survivors (1024K)
 Metaspace       used 20769K, committed 21312K, reserved 1114112K
  class space    used 1957K, committed 2176K, reserved 1048576K
GC Heap History (20 events):
Event: 28.394 GC heap before
{Heap before GC invocations=6 (full 0):
 garbage-first heap   total reserved 2021376K, committed 129024K, used 91153K [0x0000000084a00000, 0x0000000100000000)
  region size 1024K, 74 young (75776K), 3 survivors (3072K)
 Metaspace       used 10000K, committed 10176K, reserved 1114112K
  class space    used 866K, committed 960K, reserved 1048576K
}
Event: 28.399 GC heap after
{Heap after GC invocations=7 (full 0):
 garbage-first heap   total reserved 2021376K, committed 129024K, used 18447K [0x0000000084a00000, 0x0000000100000000)
  region size 1024K, 3 young (3072K), 3 survivors (3072K)
 Metaspace       used 10000K, committed 10176K, reserved 1114112K
  class space    used 866K, committed 960K, reserved 1048576K
}
Event: 33.446 GC heap before
{Heap before GC invocations=7 (full 0):
 garbage-first heap   total reserved 2021376K, committed 129024K, used 91151K [0x0000000084a00000, 0x0000000100000000)
  region size 1024K, 74 young (75776K), 3 survivors (3072K)
 Metaspace       used 10017K, committed 10176K, reserved 1114112K
  class space    used 866K, committed 960K, reserved 1048576K
}
Event: 33.454 GC heap after
{Heap after GC invocations=8 (full 0):
 garbage-first heap   total reserved 2021376K, committed 129024K, used 18349K [0x0000000084a00000, 0x0000000100000000)
  region size 1024K, 3 young (3072K), 3 survivors (3072K)
 Metaspace       used 10017K, committed 10176K, reserved 1114112K
  class space    used 866K, committed 960K, reserved 1048576K
}
Event: 38.233 GC heap before
{Heap before GC invocations=8 (full 0):
 garbage-first heap   total reserved 2021376K, committed 129024K, used 91053K [0x0000000084a00000, 0x0000000100000000)
  region size 1024K, 74 young (75776K), 3 survivors (3072K)
 Metaspace       used 10067K, committed 10240K, reserved 1114112K
  class space    used 866K, committed 960K, reserved 1048576K
}
Event: 38.237 GC heap after
{Heap after GC invocations=9 (full 0):
 garbage-first heap   total reserved 2021376K, committed 129024K, used 18451K [0x0000000084a00000, 0x0000000100000000)
  region size 1024K, 3 young (3072K), 3 survivors (3072K)
 Metaspace       used 10067K, committed 10240K, reserved 1114112K
  class space    used 866K, committed 960K, reserved 1048576K
}
Event: 43.540 GC heap before
{Heap before GC invocations=9 (full 0):
 garbage-first heap   total reserved 2021376K, committed 129024K, used 91155K [0x0000000084a00000, 0x0000000100000000)
  region size 1024K, 74 young (75776K), 3 survivors (3072K)
 Metaspace       used 10076K, committed 10240K, reserved 1114112K
  class space    used 866K, committed 960K, reserved 1048576K
}
Event: 43.553 GC heap after
{Heap after GC invocations=10 (full 0):
 garbage-first heap   total reserved 2021376K, committed 129024K, used 18447K [0x0000000084a00000, 0x0000000100000000)
  region size 1024K, 3 young (3072K), 3 survivors (3072K)
 Metaspace       used 10076K, committed 10240K, reserved 1114112K
  class space    used 866K, committed 960K, reserved 1048576K
}
Event: 48.460 GC heap before
{Heap before GC invocations=10 (full 0):
 garbage-first heap   total reserved 2021376K, committed 129024K, used 91151K [0x0000000084a00000, 0x0000000100000000)
  region size 1024K, 74 young (75776K), 3 survivors (3072K)
 Metaspace       used 10085K, committed 10240K, reserved 1114112K
  class space    used 866K, committed 960K, reserved 1048576K
}
Event: 48.475 GC heap after
{Heap after GC invocations=11 (full 0):
 garbage-first heap   total reserved 2021376K, committed 129024K, used 18548K [0x0000000084a00000, 0x0000000100000000)
  region size 1024K, 3 young (3072K), 3 survivors (3072K)
 Metaspace       used 10085K, committed 10240K, reserved 1114112K
  class space    used 866K, committed 960K, reserved 1048576K
}
Event: 53.488 GC heap before
{Heap before GC invocations=11 (full 0):
 garbage-first heap   total reserved 2021376K, committed 129024K, used 91252K [0x0000000084a00000, 0x0000000100000000)
  region size 1024K, 74 young (75776K), 3 survivors (3072K)
 Metaspace       used 10124K, committed 10304K, reserved 1114112K
  class space    used 866K, committed 960K, reserved 1048576K
}
Event: 53.496 GC heap after
{Heap after GC invocations=12 (full 0):
 garbage-first heap   total reserved 2021376K, committed 129024K, used 18471K [0x0000000084a00000, 0x0000000100000000)
  region size 1024K, 3 young (3072K), 3 survivors (3072K)
 Metaspace       used 10124K, committed 10304K, reserved 1114112K
  class space    used 866K, committed 960K, reserved 1048576K
}
Event: 58.421 GC heap before
{Heap before GC invocations=12 (full 0):
 garbage-first heap   total reserved 2021376K, committed 129024K, used 91175K [0x0000000084a00000, 0x0000000100000000)
  region size 1024K, 74 young (75776K), 3 survivors (3072K)
 Metaspace       used 10143K, committed 10304K, reserved 1114112K
  class space    used 866K, committed 960K, reserved 1048576K
}
Event: 58.425 GC heap after
{Heap after GC invocations=13 (full 0):
 garbage-first heap   total reserved 2021376K, committed 129024K, used 18474K [0x0000000084a00000, 0x0000000100000000)
  region size 1024K, 3 young (3072K), 3 survivors (3072K)
 Metaspace       used 10143K, committed 10304K, reserved 1114112K
  class space    used 866K, committed 960K, reserved 1048576K
}
Event: 63.062 GC heap before
{Heap before GC invocations=13 (full 0):
 garbage-first heap   total reserved 2021376K, committed 129024K, used 91178K [0x0000000084a00000, 0x0000000100000000)
  region size 1024K, 74 young (75776K), 3 survivors (3072K)
 Metaspace       used 10148K, committed 10304K, reserved 1114112K
  class space    used 866K, committed 960K, reserved 1048576K
}
Event: 63.070 GC heap after
{Heap after GC invocations=14 (full 0):
 garbage-first heap   total reserved 2021376K, committed 129024K, used 18454K [0x0000000084a00000, 0x0000000100000000)
  region size 1024K, 3 young (3072K), 3 survivors (3072K)
 Metaspace       used 10148K, committed 10304K, reserved 1114112K
  class space    used 866K, committed 960K, reserved 1048576K
}
Event: 68.123 GC heap before
{Heap before GC invocations=14 (full 0):
 garbage-first heap   total reserved 2021376K, committed 129024K, used 91158K [0x0000000084a00000, 0x0000000100000000)
  region size 1024K, 74 young (75776K), 3 survivors (3072K)
 Metaspace       used 10148K, committed 10304K, reserved 1114112K
  class space    used 866K, committed 960K, reserved 1048576K
}
Event: 68.131 GC heap after
{Heap after GC invocations=15 (full 0):
 garbage-first heap   total reserved 2021376K, committed 129024K, used 18450K [0x0000000084a00000, 0x0000000100000000)
  region size 1024K, 3 young (3072K), 3 survivors (3072K)
 Metaspace       used 10148K, committed 10304K, reserved 1114112K
  class space    used 866K, committed 960K, reserved 1048576K
}
Event: 72.626 GC heap before
{Heap before GC invocations=15 (full 0):
 garbage-first heap   total reserved 2021376K, committed 129024K, used 91154K [0x0000000084a00000, 0x0000000100000000)
  region size 1024K, 74 young (75776K), 3 survivors (3072K)
 Metaspace       used 10278K, committed 10432K, reserved 1114112K
  class space    used 866K, committed 960K, reserved 1048576K
}
Event: 72.630 GC heap after
{Heap after GC invocations=16 (full 0):
 garbage-first heap   total reserved 2021376K, committed 129024K, used 18696K [0x0000000084a00000, 0x0000000100000000)
  region size 1024K, 1 young (1024K), 1 survivors (1024K)
 Metaspace       used 10278K, committed 10432K, reserved 1114112K
  class space    used 866K, committed 960K, reserved 1048576K
}

